This is pdfTeX, Version 3.141592653-2.6-1.40.26 (TeX Live 2024) (preloaded format=pdflatex 2024.7.18)  28 OCT 2024 17:03
entering extended mode
 restricted \write18 enabled.
 file:line:error style messages enabled.
 %&-line parsing enabled.
**"/Users/luninghao/Documents/Study/CS & DS/Artificial Intelligence/Machine Learning/CSCI-SHU 360 Machine Learning/Homework/HW3/nl2752 - homework3.tex"
(/Users/luninghao/Documents/Study/CS & DS/Artificial Intelligence/Machine Learning/CSCI-SHU 360 Machine Learning/Homework/HW3/nl2752 - homework3.tex
LaTeX2e <2023-11-01> patch level 1
L3 programming layer <2024-02-20>
(/usr/local/texlive/2024/texmf-dist/tex/latex/base/article.cls
Document Class: article 2023/05/17 v1.4n Standard LaTeX document class
(/usr/local/texlive/2024/texmf-dist/tex/latex/base/size10.clo
File: size10.clo 2023/05/17 v1.4n Standard LaTeX file (size option)
)
\c@part=\count188
\c@section=\count189
\c@subsection=\count190
\c@subsubsection=\count191
\c@paragraph=\count192
\c@subparagraph=\count193
\c@figure=\count194
\c@table=\count195
\abovecaptionskip=\skip48
\belowcaptionskip=\skip49
\bibindent=\dimen140
) (/usr/local/texlive/2024/texmf-dist/tex/latex/graphics/graphicx.sty
Package: graphicx 2021/09/16 v1.2d Enhanced LaTeX Graphics (DPC,SPQR)
 (/usr/local/texlive/2024/texmf-dist/tex/latex/graphics/keyval.sty
Package: keyval 2022/05/29 v1.15 key=value parser (DPC)
\KV@toks@=\toks17
) (/usr/local/texlive/2024/texmf-dist/tex/latex/graphics/graphics.sty
Package: graphics 2022/03/10 v1.4e Standard LaTeX Graphics (DPC,SPQR)
 (/usr/local/texlive/2024/texmf-dist/tex/latex/graphics/trig.sty
Package: trig 2021/08/11 v1.11 sin cos tan (DPC)
) (/usr/local/texlive/2024/texmf-dist/tex/latex/graphics-cfg/graphics.cfg
File: graphics.cfg 2016/06/04 v1.11 sample graphics configuration
)
Package graphics Info: Driver file: pdftex.def on input line 107.
 (/usr/local/texlive/2024/texmf-dist/tex/latex/graphics-def/pdftex.def
File: pdftex.def 2022/09/22 v1.2b Graphics/color driver for pdftex
))
\Gin@req@height=\dimen141
\Gin@req@width=\dimen142
) (/usr/local/texlive/2024/texmf-dist/tex/latex/amsfonts/amssymb.sty
Package: amssymb 2013/01/14 v3.01 AMS font symbols
 (/usr/local/texlive/2024/texmf-dist/tex/latex/amsfonts/amsfonts.sty
Package: amsfonts 2013/01/14 v3.01 Basic AMSFonts support
\@emptytoks=\toks18
\symAMSa=\mathgroup4
\symAMSb=\mathgroup5
LaTeX Font Info:    Redeclaring math symbol \hbar on input line 98.
LaTeX Font Info:    Overwriting math alphabet `\mathfrak' in version `bold'
(Font)                  U/euf/m/n --> U/euf/b/n on input line 106.
)) (/usr/local/texlive/2024/texmf-dist/tex/latex/amsmath/amsmath.sty
Package: amsmath 2023/05/13 v2.17o AMS math features
\@mathmargin=\skip50

For additional information on amsmath, use the `?' option.
(/usr/local/texlive/2024/texmf-dist/tex/latex/amsmath/amstext.sty
Package: amstext 2021/08/26 v2.01 AMS text
 (/usr/local/texlive/2024/texmf-dist/tex/latex/amsmath/amsgen.sty
File: amsgen.sty 1999/11/30 v2.0 generic functions
\@emptytoks=\toks19
\ex@=\dimen143
)) (/usr/local/texlive/2024/texmf-dist/tex/latex/amsmath/amsbsy.sty
Package: amsbsy 1999/11/29 v1.2d Bold Symbols
\pmbraise@=\dimen144
) (/usr/local/texlive/2024/texmf-dist/tex/latex/amsmath/amsopn.sty
Package: amsopn 2022/04/08 v2.04 operator names
)
\inf@bad=\count196
LaTeX Info: Redefining \frac on input line 234.
\uproot@=\count197
\leftroot@=\count198
LaTeX Info: Redefining \overline on input line 399.
LaTeX Info: Redefining \colon on input line 410.
\classnum@=\count199
\DOTSCASE@=\count266
LaTeX Info: Redefining \ldots on input line 496.
LaTeX Info: Redefining \dots on input line 499.
LaTeX Info: Redefining \cdots on input line 620.
\Mathstrutbox@=\box51
\strutbox@=\box52
LaTeX Info: Redefining \big on input line 722.
LaTeX Info: Redefining \Big on input line 723.
LaTeX Info: Redefining \bigg on input line 724.
LaTeX Info: Redefining \Bigg on input line 725.
\big@size=\dimen145
LaTeX Font Info:    Redeclaring font encoding OML on input line 743.
LaTeX Font Info:    Redeclaring font encoding OMS on input line 744.
\macc@depth=\count267
LaTeX Info: Redefining \bmod on input line 905.
LaTeX Info: Redefining \pmod on input line 910.
LaTeX Info: Redefining \smash on input line 940.
LaTeX Info: Redefining \relbar on input line 970.
LaTeX Info: Redefining \Relbar on input line 971.
\c@MaxMatrixCols=\count268
\dotsspace@=\muskip16
\c@parentequation=\count269
\dspbrk@lvl=\count270
\tag@help=\toks20
\row@=\count271
\column@=\count272
\maxfields@=\count273
\andhelp@=\toks21
\eqnshift@=\dimen146
\alignsep@=\dimen147
\tagshift@=\dimen148
\tagwidth@=\dimen149
\totwidth@=\dimen150
\lineht@=\dimen151
\@envbody=\toks22
\multlinegap=\skip51
\multlinetaggap=\skip52
\mathdisplay@stack=\toks23
LaTeX Info: Redefining \[ on input line 2953.
LaTeX Info: Redefining \] on input line 2954.
) (/usr/local/texlive/2024/texmf-dist/tex/latex/setspace/setspace.sty
Package: setspace 2022/12/04 v6.7b set line spacing
) (/usr/local/texlive/2024/texmf-dist/tex/latex/booktabs/booktabs.sty
Package: booktabs 2020/01/12 v1.61803398 Publication quality tables
\heavyrulewidth=\dimen152
\lightrulewidth=\dimen153
\cmidrulewidth=\dimen154
\belowrulesep=\dimen155
\belowbottomsep=\dimen156
\aboverulesep=\dimen157
\abovetopsep=\dimen158
\cmidrulesep=\dimen159
\cmidrulekern=\dimen160
\defaultaddspace=\dimen161
\@cmidla=\count274
\@cmidlb=\count275
\@aboverulesep=\dimen162
\@belowrulesep=\dimen163
\@thisruleclass=\count276
\@lastruleclass=\count277
\@thisrulewidth=\dimen164
) (/usr/local/texlive/2024/texmf-dist/tex/generic/ulem/ulem.sty
\UL@box=\box53
\UL@hyphenbox=\box54
\UL@skip=\skip53
\UL@hook=\toks24
\UL@height=\dimen165
\UL@pe=\count278
\UL@pixel=\dimen166
\ULC@box=\box55
Package: ulem 2019/11/18
\ULdepth=\dimen167
) (/usr/local/texlive/2024/texmf-dist/tex/latex/tools/array.sty
Package: array 2023/10/16 v2.5g Tabular extension package (FMi)
\col@sep=\dimen168
\ar@mcellbox=\box56
\extrarowheight=\dimen169
\NC@list=\toks25
\extratabsurround=\skip54
\backup@length=\skip55
\ar@cellbox=\box57
) (/usr/local/texlive/2024/texmf-dist/tex/latex/bbm-macros/bbm.sty
Package: bbm 1999/03/15 V 1.2 provides fonts for set symbols - TH
LaTeX Font Info:    Overwriting math alphabet `\mathbbm' in version `bold'
(Font)                  U/bbm/m/n --> U/bbm/bx/n on input line 33.
LaTeX Font Info:    Overwriting math alphabet `\mathbbmss' in version `bold'
(Font)                  U/bbmss/m/n --> U/bbmss/bx/n on input line 35.
) (/usr/local/texlive/2024/texmf-dist/tex/latex/geometry/geometry.sty
Package: geometry 2020/01/02 v5.9 Page Geometry
 (/usr/local/texlive/2024/texmf-dist/tex/generic/iftex/ifvtex.sty
Package: ifvtex 2019/10/25 v1.7 ifvtex legacy package. Use iftex instead.
 (/usr/local/texlive/2024/texmf-dist/tex/generic/iftex/iftex.sty
Package: iftex 2022/02/03 v1.0f TeX engine tests
))
\Gm@cnth=\count279
\Gm@cntv=\count280
\c@Gm@tempcnt=\count281
\Gm@bindingoffset=\dimen170
\Gm@wd@mp=\dimen171
\Gm@odd@mp=\dimen172
\Gm@even@mp=\dimen173
\Gm@layoutwidth=\dimen174
\Gm@layoutheight=\dimen175
\Gm@layouthoffset=\dimen176
\Gm@layoutvoffset=\dimen177
\Gm@dimlist=\toks26
) (/usr/local/texlive/2024/texmf-dist/tex/latex/l3backend/l3backend-pdftex.def
File: l3backend-pdftex.def 2024-02-20 L3 backend support: PDF output (pdfTeX)
\l__color_backend_stack_int=\count282
\l__pdf_internal_box=\box58
) (./nl2752 - homework3.aux)
\openout1 = `"nl2752 - homework3.aux"'.

LaTeX Font Info:    Checking defaults for OML/cmm/m/it on input line 23.
LaTeX Font Info:    ... okay on input line 23.
LaTeX Font Info:    Checking defaults for OMS/cmsy/m/n on input line 23.
LaTeX Font Info:    ... okay on input line 23.
LaTeX Font Info:    Checking defaults for OT1/cmr/m/n on input line 23.
LaTeX Font Info:    ... okay on input line 23.
LaTeX Font Info:    Checking defaults for T1/cmr/m/n on input line 23.
LaTeX Font Info:    ... okay on input line 23.
LaTeX Font Info:    Checking defaults for TS1/cmr/m/n on input line 23.
LaTeX Font Info:    ... okay on input line 23.
LaTeX Font Info:    Checking defaults for OMX/cmex/m/n on input line 23.
LaTeX Font Info:    ... okay on input line 23.
LaTeX Font Info:    Checking defaults for U/cmr/m/n on input line 23.
LaTeX Font Info:    ... okay on input line 23.
 (/usr/local/texlive/2024/texmf-dist/tex/context/base/mkii/supp-pdf.mkii
[Loading MPS to PDF converter (version 2006.09.02).]
\scratchcounter=\count283
\scratchdimen=\dimen178
\scratchbox=\box59
\nofMPsegments=\count284
\nofMParguments=\count285
\everyMPshowfont=\toks27
\MPscratchCnt=\count286
\MPscratchDim=\dimen179
\MPnumerator=\count287
\makeMPintoPDFobject=\count288
\everyMPtoPDFconversion=\toks28
) (/usr/local/texlive/2024/texmf-dist/tex/latex/epstopdf-pkg/epstopdf-base.sty
Package: epstopdf-base 2020-01-24 v2.11 Base part for package epstopdf
Package epstopdf-base Info: Redefining graphics rule for `.eps' on input line 485.
 (/usr/local/texlive/2024/texmf-dist/tex/latex/latexconfig/epstopdf-sys.cfg
File: epstopdf-sys.cfg 2010/07/13 v1.3 Configuration of (r)epstopdf for TeX Live
))
*geometry* driver: auto-detecting
*geometry* detected driver: pdftex
*geometry* verbose mode - [ preamble ] result:
* driver: pdftex
* paper: <default>
* layout: <same size as paper>
* layoutoffset:(h,v)=(0.0pt,0.0pt)
* modes: 
* h-part:(L,W,R)=(71.13188pt, 472.03123pt, 71.13188pt)
* v-part:(T,H,B)=(56.9055pt, 681.15898pt, 56.9055pt)
* \paperwidth=614.295pt
* \paperheight=794.96999pt
* \textwidth=472.03123pt
* \textheight=681.15898pt
* \oddsidemargin=-1.1381pt
* \evensidemargin=-1.1381pt
* \topmargin=-52.36449pt
* \headheight=12.0pt
* \headsep=25.0pt
* \topskip=10.0pt
* \footskip=30.0pt
* \marginparwidth=42.67912pt
* \marginparsep=11.0pt
* \columnsep=10.0pt
* \skip\footins=9.0pt plus 4.0pt minus 2.0pt
* \hoffset=0.0pt
* \voffset=0.0pt
* \mag=1000
* \@twocolumnfalse
* \@twosidefalse
* \@mparswitchfalse
* \@reversemarginfalse
* (1in=72.27pt=25.4mm, 1cm=28.453pt)

LaTeX Font Info:    Trying to load font information for U+msa on input line 25.
(/usr/local/texlive/2024/texmf-dist/tex/latex/amsfonts/umsa.fd
File: umsa.fd 2013/01/14 v3.01 AMS symbols A
)
LaTeX Font Info:    Trying to load font information for U+msb on input line 25.
 (/usr/local/texlive/2024/texmf-dist/tex/latex/amsfonts/umsb.fd
File: umsb.fd 2013/01/14 v3.01 AMS symbols B
)
LaTeX Font Info:    Trying to load font information for U+bbm on input line 56.
 (/usr/local/texlive/2024/texmf-dist/tex/latex/bbm-macros/ubbm.fd
File: ubbm.fd 1999/03/15 V 1.2 Font definition for bbm font - TH
)
Overfull \hbox (36.69904pt too wide) detected at line 56
[]
 []

[1

{/usr/local/texlive/2024/texmf-var/fonts/map/pdftex/updmap/pdftex.map}]
</Users/luninghao/Documents/Study/CS & DS/Artificial Intelligence/Machine Learning/CSCI-SHU 360 Machine Learning/Homework/HW3/1.2.png, id=19, 608.5134pt x 490.7133pt>
File: /Users/luninghao/Documents/Study/CS & DS/Artificial Intelligence/Machine Learning/CSCI-SHU 360 Machine Learning/Homework/HW3/1.2.png Graphic file (type png)
<use /Users/luninghao/Documents/Study/CS & DS/Artificial Intelligence/Machine Learning/CSCI-SHU 360 Machine Learning/Homework/HW3/1.2.png>
Package pdftex.def Info: /Users/luninghao/Documents/Study/CS & DS/Artificial Intelligence/Machine Learning/CSCI-SHU 360 Machine Learning/Homework/HW3/1.2.png  used on input line 72.
(pdftex.def)             Requested size: 306.81741pt x 247.42264pt.
 [2 </Users/luninghao/Documents/Study/CS & DS/Artificial Intelligence/Machine Learning/CSCI-SHU 360 Machine Learning/Homework/HW3/1.2.png>]
</Users/luninghao/Documents/Study/CS & DS/Artificial Intelligence/Machine Learning/CSCI-SHU 360 Machine Learning/Homework/HW3/1.4.png, id=26, 611.4042pt x 490.7133pt>
File: /Users/luninghao/Documents/Study/CS & DS/Artificial Intelligence/Machine Learning/CSCI-SHU 360 Machine Learning/Homework/HW3/1.4.png Graphic file (type png)
<use /Users/luninghao/Documents/Study/CS & DS/Artificial Intelligence/Machine Learning/CSCI-SHU 360 Machine Learning/Homework/HW3/1.4.png>
Package pdftex.def Info: /Users/luninghao/Documents/Study/CS & DS/Artificial Intelligence/Machine Learning/CSCI-SHU 360 Machine Learning/Homework/HW3/1.4.png  used on input line 109.
(pdftex.def)             Requested size: 306.81741pt x 246.26205pt.
 [3 </Users/luninghao/Documents/Study/CS & DS/Artificial Intelligence/Machine Learning/CSCI-SHU 360 Machine Learning/Homework/HW3/1.4.png>]
</Users/luninghao/Documents/Study/CS & DS/Artificial Intelligence/Machine Learning/CSCI-SHU 360 Machine Learning/Homework/HW3/1.5.png, id=31, 611.4042pt x 490.7133pt>
File: /Users/luninghao/Documents/Study/CS & DS/Artificial Intelligence/Machine Learning/CSCI-SHU 360 Machine Learning/Homework/HW3/1.5.png Graphic file (type png)
<use /Users/luninghao/Documents/Study/CS & DS/Artificial Intelligence/Machine Learning/CSCI-SHU 360 Machine Learning/Homework/HW3/1.5.png>
Package pdftex.def Info: /Users/luninghao/Documents/Study/CS & DS/Artificial Intelligence/Machine Learning/CSCI-SHU 360 Machine Learning/Homework/HW3/1.5.png  used on input line 132.
(pdftex.def)             Requested size: 306.81741pt x 246.26205pt.
</Users/luninghao/Documents/Study/CS & DS/Artificial Intelligence/Machine Learning/CSCI-SHU 360 Machine Learning/Homework/HW3/2.1.png, id=32, 419.166pt x 312.2064pt>
File: /Users/luninghao/Documents/Study/CS & DS/Artificial Intelligence/Machine Learning/CSCI-SHU 360 Machine Learning/Homework/HW3/2.1.png Graphic file (type png)
<use /Users/luninghao/Documents/Study/CS & DS/Artificial Intelligence/Machine Learning/CSCI-SHU 360 Machine Learning/Homework/HW3/2.1.png>
Package pdftex.def Info: /Users/luninghao/Documents/Study/CS & DS/Artificial Intelligence/Machine Learning/CSCI-SHU 360 Machine Learning/Homework/HW3/2.1.png  used on input line 158.
(pdftex.def)             Requested size: 306.81741pt x 228.52808pt.
 [4 </Users/luninghao/Documents/Study/CS & DS/Artificial Intelligence/Machine Learning/CSCI-SHU 360 Machine Learning/Homework/HW3/1.5.png>] [5 </Users/luninghao/Documents/Study/CS & DS/Artificial Intelligence/Machine Learning/CSCI-SHU 360 Machine Learning/Homework/HW3/2.1.png>]
<2.3.1.png, id=41, 395.3169pt x 312.2064pt>
File: 2.3.1.png Graphic file (type png)
<use 2.3.1.png>
Package pdftex.def Info: 2.3.1.png  used on input line 183.
(pdftex.def)             Requested size: 283.22162pt x 223.67845pt.
 [6 <./2.3.1.png>]
<2.3.2.png, id=46, 424.2249pt x 327.3831pt>
File: 2.3.2.png Graphic file (type png)
<use 2.3.2.png>
Package pdftex.def Info: 2.3.2.png  used on input line 200.
(pdftex.def)             Requested size: 283.22162pt x 218.56624pt.
<2.3.3.png, id=47, 414.8298pt x 327.3831pt>
File: 2.3.3.png Graphic file (type png)
<use 2.3.3.png>
Package pdftex.def Info: 2.3.3.png  used on input line 210.
(pdftex.def)             Requested size: 283.22162pt x 223.52673pt.
 [7 <./2.3.2.png> <./2.3.3.png>]
<2.4.1.1.png, id=54, 424.2249pt x 327.3831pt>
File: 2.4.1.1.png Graphic file (type png)
<use 2.4.1.1.png>
Package pdftex.def Info: 2.4.1.1.png  used on input line 226.
(pdftex.def)             Requested size: 212.41261pt x 163.92093pt.
<2.4.1.2.png, id=55, 395.3169pt x 312.2064pt>
File: 2.4.1.2.png Graphic file (type png)
<use 2.4.1.2.png>
Package pdftex.def Info: 2.4.1.2.png  used on input line 233.
(pdftex.def)             Requested size: 212.41261pt x 167.75526pt.
<2.4.2.1.png, id=56, 424.2249pt x 327.3831pt>
File: 2.4.2.1.png Graphic file (type png)
<use 2.4.2.1.png>
Package pdftex.def Info: 2.4.2.1.png  used on input line 245.
(pdftex.def)             Requested size: 212.41261pt x 163.92093pt.
<2.4.2.2.png, id=57, 395.3169pt x 312.2064pt>
File: 2.4.2.2.png Graphic file (type png)
<use 2.4.2.2.png>
Package pdftex.def Info: 2.4.2.2.png  used on input line 252.
(pdftex.def)             Requested size: 212.41261pt x 167.75526pt.
 [8 <./2.4.1.1.png> <./2.4.1.2.png> <./2.4.2.1.png> <./2.4.2.2.png>]
<2.4.3.1.png, id=65, 424.2249pt x 327.3831pt>
File: 2.4.3.1.png Graphic file (type png)
<use 2.4.3.1.png>
Package pdftex.def Info: 2.4.3.1.png  used on input line 265.
(pdftex.def)             Requested size: 212.41261pt x 163.92093pt.
<2.4.3.2.png, id=66, 395.3169pt x 312.2064pt>
File: 2.4.3.2.png Graphic file (type png)
<use 2.4.3.2.png>
Package pdftex.def Info: 2.4.3.2.png  used on input line 272.
(pdftex.def)             Requested size: 212.41261pt x 167.75526pt.
<2.4.4.1.png, id=67, 414.8298pt x 327.3831pt>
File: 2.4.4.1.png Graphic file (type png)
<use 2.4.4.1.png>
Package pdftex.def Info: 2.4.4.1.png  used on input line 285.
(pdftex.def)             Requested size: 212.41261pt x 167.63255pt.
<2.4.4.2.png, id=68, 395.3169pt x 312.2064pt>
File: 2.4.4.2.png Graphic file (type png)
<use 2.4.4.2.png>
Package pdftex.def Info: 2.4.4.2.png  used on input line 292.
(pdftex.def)             Requested size: 212.41261pt x 167.75526pt.
 [9 <./2.4.3.1.png> <./2.4.3.2.png> <./2.4.4.1.png> <./2.4.4.2.png>]
<2.4.5.1.png, id=76, 424.2249pt x 327.3831pt>
File: 2.4.5.1.png Graphic file (type png)
<use 2.4.5.1.png>
Package pdftex.def Info: 2.4.5.1.png  used on input line 305.
(pdftex.def)             Requested size: 212.41261pt x 163.92093pt.
<2.4.5.2.png, id=77, 395.3169pt x 312.2064pt>
File: 2.4.5.2.png Graphic file (type png)
<use 2.4.5.2.png>
Package pdftex.def Info: 2.4.5.2.png  used on input line 312.
(pdftex.def)             Requested size: 212.41261pt x 167.75526pt.
File: 2.4.5.1.png Graphic file (type png)
<use 2.4.5.1.png>
Package pdftex.def Info: 2.4.5.1.png  used on input line 326.
(pdftex.def)             Requested size: 212.41261pt x 163.92093pt.
File: 2.4.5.2.png Graphic file (type png)
<use 2.4.5.2.png>
Package pdftex.def Info: 2.4.5.2.png  used on input line 333.
(pdftex.def)             Requested size: 212.41261pt x 167.75526pt.
 [10 <./2.4.5.1.png> <./2.4.5.2.png>] (./nl2752 - homework3.aux)
 ***********
LaTeX2e <2023-11-01> patch level 1
L3 programming layer <2024-02-20>
 ***********
 ) 
Here is how much of TeX's memory you used:
 3548 strings out of 474116
 56638 string characters out of 5743682
 1946187 words of memory out of 5000000
 25870 multiletter control sequences out of 15000+600000
 566433 words of font info for 71 fonts, out of 8000000 for 9000
 1141 hyphenation exceptions out of 8191
 57i,14n,65p,580b,305s stack positions out of 10000i,1000n,20000p,200000b,200000s
 </Users/luninghao/Library/texlive/2024/texmf-var/fonts/pk/ljfour/public/bbm/bbm10.600pk></usr/local/texlive/2024/texmf-dist/fonts/type1/public/amsfonts/cm/cmbx10.pfb></usr/local/texlive/2024/texmf-dist/fonts/type1/public/amsfonts/cm/cmbx12.pfb></usr/local/texlive/2024/texmf-dist/fonts/type1/public/amsfonts/cm/cmex10.pfb></usr/local/texlive/2024/texmf-dist/fonts/type1/public/amsfonts/cm/cmmi10.pfb></usr/local/texlive/2024/texmf-dist/fonts/type1/public/amsfonts/cm/cmmi5.pfb></usr/local/texlive/2024/texmf-dist/fonts/type1/public/amsfonts/cm/cmmi7.pfb></usr/local/texlive/2024/texmf-dist/fonts/type1/public/amsfonts/cm/cmr10.pfb></usr/local/texlive/2024/texmf-dist/fonts/type1/public/amsfonts/cm/cmr12.pfb></usr/local/texlive/2024/texmf-dist/fonts/type1/public/amsfonts/cm/cmr17.pfb></usr/local/texlive/2024/texmf-dist/fonts/type1/public/amsfonts/cm/cmr5.pfb></usr/local/texlive/2024/texmf-dist/fonts/type1/public/amsfonts/cm/cmr7.pfb></usr/local/texlive/2024/texmf-dist/fonts/type1/public/amsfonts/cm/cmsy10.pfb></usr/local/texlive/2024/texmf-dist/fonts/type1/public/amsfonts/cm/cmsy7.pfb>
Output written on "nl2752 - homework3.pdf" (10 pages, 564067 bytes).
PDF statistics:
 142 PDF objects out of 1000 (max. 8388607)
 68 compressed objects within 1 object stream
 0 named destinations out of 1000 (max. 500000)
 86 words of extra memory for PDF output out of 10000 (max. 10000000)

